********************************************************************************
DUPLICATOR-LITE PACKAGE-LOG: 06.05.2021 07:47
NOTICE: Do NOT post to public sites or forums 
********************************************************************************
VERSION:	1.4.0
WORDPRESS:	5.7.1
PHP INFO:	7.4.2 | SAPI: cgi-fcgi
SERVER:		Apache 
PHP TIME LIMIT: (0) no time limit imposed 
PHP MAX MEMORY: 4294967296 (128M default) 
MEMORY STACK: 4MB

********************************************************************************
DATABASE:
********************************************************************************
BUILD MODE:   PHP(query limit - 100)
MYSQLTIMEOUT: 5000
MYSQLDUMP:    Not Supported
TABLES: total:13 | filtered:0 | create:13
FILTERED: []
SQL CREATED: 20210506_greenway_e6339566fa98000d9912_20210506074752_database.sql
SQL FILE SIZE: 271.9KB (278422)
SQL FILE TIME: 2021-05-06 07:47:56
SQL RUNTIME: 0.19 sec.

********************************************************************************
ARCHIVE (ZIP):
********************************************************************************
ARCHIVE DIR:  /Applications/MAMP/htdocs/greenway
ARCHIVE FILE: 20210506_greenway_e6339566fa98000d9912_20210506074752_archive.zip
FILTERS: *OFF*
DIRS:
	not set
FILES:
	not set
EXTS:  not set
----------------------------------------
COMPRESSING
SIZE:	90.99MB
STATS:	Dirs 692 | Files 6,147
SQL ADDED: 20210506_greenway_e6339566fa98000d9912_20210506074752_database.sql
ZipArchive Object
(
    [status] => 0
    [statusSys] => 0
    [numFiles] => 6839
    [filename] => /Applications/MAMP/htdocs/greenway/wp-content/backups-dup-lite/tmp/20210506_greenway_e6339566fa98000d9912_20210506074752_archive.zip
    [comment] => 
)

FILE ADDED TO ZIP: 6838
COMPRESSION RESULT: '1'
COMPRESSED SIZE: 45.33MB
ARCHIVE RUNTIME: 15.35 sec.
MEMORY STACK: 6MB
building installer
add_extra_files1
add_extra_files2
add_extra_files3
add_extra_files4
Doing archive file check
add_extra_files5
add_extra_files6
add_extra_files8
Successfully opened zip /Applications/MAMP/htdocs/greenway/wp-content/backups-dup-lite/tmp/20210506_greenway_e6339566fa98000d9912_20210506074752_archive.zip
Adding enhanced installer files to archive using ZipArchive
Installer files added to archive
Added to archive
After ziparchive close when adding installer

********************************************************************************
INTEGRITY CHECKS:
********************************************************************************
SQL FILE: 271.9KB
INSTALLER FILE: 63.95KB
ARCHIVE FILE: 46.92MB 
EXPECTED FILE/DIRECTORY COUNT: 6,839
ACTUAL FILE/DIRECTORY COUNT: 6,838
ARCHIVE CONSISTENCY TEST: Pass

********************************************************************************
RECORD ID:[1]
TOTAL PROCESS RUNTIME: 20.65 sec.
PEAK PHP MEMORY USED: 6MB
DONE PROCESSING => 20210506_greenway 06.05.2021 07:48

